build/app/intermediates/manifest_merge_blame_file/release/manifest-merger-blame-release-report.txt
1<?xml version="1.0" encoding="utf-8"?>
2<manifest xmlns:android="http://schemas.android.com/apk/res/android"
3    package="com.apptoaster.demo"
4    android:versionCode="4007"
5    android:versionName="1.1.6" >
6
7    <uses-sdk
8        android:minSdkVersion="19"
8-->src/main/AndroidManifest.xml
9        android:targetSdkVersion="33" />
9-->src/main/AndroidManifest.xml
10
11    <queries>
11-->src/main/AndroidManifest.xml:3:5-20:15
12        <intent>
12-->src/main/AndroidManifest.xml:4:9-7:18
13            <action android:name="android.intent.action.VIEW" />
13-->src/main/AndroidManifest.xml:5:13-65
13-->src/main/AndroidManifest.xml:5:21-62
14
15            <data android:scheme="https" />
15-->src/main/AndroidManifest.xml:6:13-44
15-->src/main/AndroidManifest.xml:6:19-41
16        </intent>
17        <intent>
17-->src/main/AndroidManifest.xml:8:9-11:18
18            <action android:name="android.intent.action.DIAL" />
18-->src/main/AndroidManifest.xml:9:13-65
18-->src/main/AndroidManifest.xml:9:21-62
19
20            <data android:scheme="tel" />
20-->src/main/AndroidManifest.xml:6:13-44
20-->src/main/AndroidManifest.xml:6:19-41
21        </intent>
22        <intent>
22-->src/main/AndroidManifest.xml:12:9-15:18
23            <action android:name="android.intent.action.SENDTO" />
23-->src/main/AndroidManifest.xml:13:13-67
23-->src/main/AndroidManifest.xml:13:21-64
24
25            <data android:scheme="smsto" />
25-->src/main/AndroidManifest.xml:6:13-44
25-->src/main/AndroidManifest.xml:6:19-41
26        </intent>
27        <intent>
27-->src/main/AndroidManifest.xml:16:9-19:18
28            <action android:name="android.intent.action.SEND" />
28-->src/main/AndroidManifest.xml:17:13-65
28-->src/main/AndroidManifest.xml:17:21-62
29
30            <data android:mimeType="*/*" />
30-->src/main/AndroidManifest.xml:6:13-44
30-->src/main/AndroidManifest.xml:18:19-41
31        </intent>
32        <intent>
32-->[:flutter_inappwebview] AndroidManifest.xml:10:9-12:18
33            <action android:name="android.support.customtabs.action.CustomTabsService" />
33-->[:flutter_inappwebview] AndroidManifest.xml:11:13-90
33-->[:flutter_inappwebview] AndroidManifest.xml:11:21-87
34        </intent>
35    </queries>
36
37    <uses-permission android:name="android.permission.INTERNET" />
37-->src/main/AndroidManifest.xml:22:5-66
37-->src/main/AndroidManifest.xml:22:22-64
38    <uses-permission android:name="android.permission.WAKE_LOCK" />
38-->[:firebase_messaging] AndroidManifest.xml:10:5-68
38-->[:firebase_messaging] AndroidManifest.xml:10:22-65
39    <uses-permission android:name="android.permission.ACCESS_NETWORK_STATE" /> <!-- Permissions options for the `notification` group -->
39-->[:firebase_messaging] AndroidManifest.xml:11:5-79
39-->[:firebase_messaging] AndroidManifest.xml:11:22-76
40    <uses-permission android:name="android.permission.POST_NOTIFICATIONS" />
40-->[:firebase_messaging] AndroidManifest.xml:13:5-77
40-->[:firebase_messaging] AndroidManifest.xml:13:22-74
41    <uses-permission android:name="android.permission.RECEIVE_BOOT_COMPLETED" />
41-->[:flutter_local_notifications] AndroidManifest.xml:9:5-81
41-->[:flutter_local_notifications] AndroidManifest.xml:9:22-78
42    <uses-permission android:name="android.permission.VIBRATE" />
42-->[:flutter_local_notifications] AndroidManifest.xml:10:5-66
42-->[:flutter_local_notifications] AndroidManifest.xml:10:22-63
43    <uses-permission android:name="android.permission.USE_FULL_SCREEN_INTENT" />
43-->[:flutter_local_notifications] AndroidManifest.xml:11:5-81
43-->[:flutter_local_notifications] AndroidManifest.xml:11:22-78
44    <uses-permission android:name="android.permission.SCHEDULE_EXACT_ALARM" /> <!-- Required by older versions of Google Play services to create IID tokens -->
44-->[:flutter_local_notifications] AndroidManifest.xml:12:5-79
44-->[:flutter_local_notifications] AndroidManifest.xml:12:22-76
45    <uses-permission android:name="com.google.android.c2dm.permission.RECEIVE" />
45-->[com.google.firebase:firebase-iid:21.1.0] AndroidManifest.xml:26:5-82
45-->[com.google.firebase:firebase-iid:21.1.0] AndroidManifest.xml:26:22-79
46
47    <application
48        android:name="android.app.Application"
48-->src/main/AndroidManifest.xml:26:9-42
49        android:appComponentFactory="androidx.core.app.CoreComponentFactory"
49-->[androidx.core:core:1.8.0] AndroidManifest.xml:24:18-86
50        android:icon="@mipmap/ic_launcher"
50-->src/main/AndroidManifest.xml:27:9-43
51        android:label="데모"
51-->src/main/AndroidManifest.xml:25:9-27
52        android:usesCleartextTraffic="true" >
52-->src/main/AndroidManifest.xml:28:9-44
53        <activity
53-->src/main/AndroidManifest.xml:29:9-56:20
54            android:name="com.apptoaster.demo.MainActivity"
54-->src/main/AndroidManifest.xml:30:13-41
55            android:configChanges="orientation|keyboardHidden|keyboard|screenSize|smallestScreenSize|locale|layoutDirection|fontScale|screenLayout|density|uiMode"
55-->src/main/AndroidManifest.xml:34:13-163
56            android:exported="true"
56-->src/main/AndroidManifest.xml:31:13-36
57            android:hardwareAccelerated="true"
57-->src/main/AndroidManifest.xml:35:13-47
58            android:launchMode="singleTop"
58-->src/main/AndroidManifest.xml:32:13-43
59            android:theme="@style/LaunchTheme"
59-->src/main/AndroidManifest.xml:33:13-47
60            android:windowSoftInputMode="adjustResize" >
60-->src/main/AndroidManifest.xml:36:13-55
61            <meta-data
61-->src/main/AndroidManifest.xml:37:13-40:17
62                android:name="io.flutter.embedding.android.NormalTheme"
62-->src/main/AndroidManifest.xml:38:15-70
63                android:resource="@style/NormalTheme" />
63-->src/main/AndroidManifest.xml:39:15-52
64
65            <intent-filter>
65-->src/main/AndroidManifest.xml:41:13-44:29
66                <action android:name="android.intent.action.MAIN" />
66-->src/main/AndroidManifest.xml:42:17-68
66-->src/main/AndroidManifest.xml:42:25-66
67
68                <category android:name="android.intent.category.LAUNCHER" />
68-->src/main/AndroidManifest.xml:43:17-76
68-->src/main/AndroidManifest.xml:43:27-74
69            </intent-filter>
70            <!-- 추가된 부분 시작 -->
71            <intent-filter android:autoVerify="true" >
71-->src/main/AndroidManifest.xml:46:13-54:29
71-->src/main/AndroidManifest.xml:46:28-53
72                <action android:name="android.intent.action.VIEW" />
72-->src/main/AndroidManifest.xml:5:13-65
72-->src/main/AndroidManifest.xml:5:21-62
73
74                <category android:name="android.intent.category.DEFAULT" />
74-->src/main/AndroidManifest.xml:48:17-76
74-->src/main/AndroidManifest.xml:48:27-73
75                <category android:name="android.intent.category.BROWSABLE" />
75-->src/main/AndroidManifest.xml:49:17-78
75-->src/main/AndroidManifest.xml:49:27-75
76                <!-- schemes -->
77                <data android:scheme="kbbank" />
77-->src/main/AndroidManifest.xml:6:13-44
77-->src/main/AndroidManifest.xml:6:19-41
78                <data android:scheme="kb-acp" />
78-->src/main/AndroidManifest.xml:6:13-44
78-->src/main/AndroidManifest.xml:6:19-41
79                <data android:scheme="kakaotalk" />
79-->src/main/AndroidManifest.xml:6:13-44
79-->src/main/AndroidManifest.xml:6:19-41
80            </intent-filter>
81            <!-- 추가된 부분 끝 -->
82        </activity>
83
84        <meta-data
84-->src/main/AndroidManifest.xml:57:9-59:33
85            android:name="flutterEmbedding"
85-->src/main/AndroidManifest.xml:58:13-44
86            android:value="2" />
86-->src/main/AndroidManifest.xml:59:13-30
87
88        <service
88-->[:firebase_messaging] AndroidManifest.xml:16:9-19:72
89            android:name="io.flutter.plugins.firebase.messaging.FlutterFirebaseMessagingBackgroundService"
89-->[:firebase_messaging] AndroidManifest.xml:17:13-107
90            android:exported="false"
90-->[:firebase_messaging] AndroidManifest.xml:18:13-37
91            android:permission="android.permission.BIND_JOB_SERVICE" />
91-->[:firebase_messaging] AndroidManifest.xml:19:13-69
92        <service
92-->[:firebase_messaging] AndroidManifest.xml:20:9-26:19
93            android:name="io.flutter.plugins.firebase.messaging.FlutterFirebaseMessagingService"
93-->[:firebase_messaging] AndroidManifest.xml:21:13-97
94            android:exported="false" >
94-->[:firebase_messaging] AndroidManifest.xml:22:13-37
95            <intent-filter>
95-->[:firebase_messaging] AndroidManifest.xml:23:13-25:29
96                <action android:name="com.google.firebase.MESSAGING_EVENT" />
96-->[:firebase_messaging] AndroidManifest.xml:24:17-78
96-->[:firebase_messaging] AndroidManifest.xml:24:25-75
97            </intent-filter>
98        </service>
99
100        <receiver
100-->[:firebase_messaging] AndroidManifest.xml:28:9-35:20
101            android:name="io.flutter.plugins.firebase.messaging.FlutterFirebaseMessagingReceiver"
101-->[:firebase_messaging] AndroidManifest.xml:29:13-98
102            android:exported="true"
102-->[:firebase_messaging] AndroidManifest.xml:30:13-36
103            android:permission="com.google.android.c2dm.permission.SEND" >
103-->[:firebase_messaging] AndroidManifest.xml:31:13-73
104            <intent-filter>
104-->[:firebase_messaging] AndroidManifest.xml:32:13-34:29
105                <action android:name="com.google.android.c2dm.intent.RECEIVE" />
105-->[:firebase_messaging] AndroidManifest.xml:33:17-81
105-->[:firebase_messaging] AndroidManifest.xml:33:25-78
106            </intent-filter>
107        </receiver>
108
109        <service
109-->[:firebase_messaging] AndroidManifest.xml:37:9-41:19
110            android:name="com.google.firebase.components.ComponentDiscoveryService"
110-->[:firebase_messaging] AndroidManifest.xml:37:18-89
111            android:directBootAware="true"
111-->[com.google.firebase:firebase-common:20.3.0] AndroidManifest.xml:34:13-43
112            android:exported="false" >
112-->[com.google.firebase:firebase-iid:21.1.0] AndroidManifest.xml:31:13-37
113            <meta-data
113-->[:firebase_messaging] AndroidManifest.xml:38:13-40:85
114                android:name="com.google.firebase.components:io.flutter.plugins.firebase.messaging.FlutterFirebaseAppRegistrar"
114-->[:firebase_messaging] AndroidManifest.xml:39:17-128
115                android:value="com.google.firebase.components.ComponentRegistrar" />
115-->[:firebase_messaging] AndroidManifest.xml:40:17-82
116            <meta-data
116-->[:firebase_core] AndroidManifest.xml:11:13-13:85
117                android:name="com.google.firebase.components:io.flutter.plugins.firebase.core.FlutterFirebaseCoreRegistrar"
117-->[:firebase_core] AndroidManifest.xml:12:17-124
118                android:value="com.google.firebase.components.ComponentRegistrar" />
118-->[:firebase_core] AndroidManifest.xml:13:17-82
119            <meta-data
119-->[com.google.firebase:firebase-iid:21.1.0] AndroidManifest.xml:32:13-34:85
120                android:name="com.google.firebase.components:com.google.firebase.iid.Registrar"
120-->[com.google.firebase:firebase-iid:21.1.0] AndroidManifest.xml:33:17-96
121                android:value="com.google.firebase.components.ComponentRegistrar" />
121-->[com.google.firebase:firebase-iid:21.1.0] AndroidManifest.xml:34:17-82
122            <meta-data
122-->[com.google.firebase:firebase-messaging:23.1.1] AndroidManifest.xml:55:13-57:85
123                android:name="com.google.firebase.components:com.google.firebase.messaging.FirebaseMessagingRegistrar"
123-->[com.google.firebase:firebase-messaging:23.1.1] AndroidManifest.xml:56:17-119
124                android:value="com.google.firebase.components.ComponentRegistrar" />
124-->[com.google.firebase:firebase-messaging:23.1.1] AndroidManifest.xml:57:17-82
125            <meta-data
125-->[com.google.firebase:firebase-installations:17.1.2] AndroidManifest.xml:17:13-19:85
126                android:name="com.google.firebase.components:com.google.firebase.installations.FirebaseInstallationsRegistrar"
126-->[com.google.firebase:firebase-installations:17.1.2] AndroidManifest.xml:18:17-127
127                android:value="com.google.firebase.components.ComponentRegistrar" />
127-->[com.google.firebase:firebase-installations:17.1.2] AndroidManifest.xml:19:17-82
128            <meta-data
128-->[com.google.firebase:firebase-datatransport:18.1.7] AndroidManifest.xml:27:13-29:85
129                android:name="com.google.firebase.components:com.google.firebase.datatransport.TransportRegistrar"
129-->[com.google.firebase:firebase-datatransport:18.1.7] AndroidManifest.xml:28:17-115
130                android:value="com.google.firebase.components.ComponentRegistrar" />
130-->[com.google.firebase:firebase-datatransport:18.1.7] AndroidManifest.xml:29:17-82
131        </service>
132
133        <provider
133-->[:firebase_messaging] AndroidManifest.xml:43:9-47:38
134            android:name="io.flutter.plugins.firebase.messaging.FlutterFirebaseMessagingInitProvider"
134-->[:firebase_messaging] AndroidManifest.xml:44:13-102
135            android:authorities="com.apptoaster.demo.flutterfirebasemessaginginitprovider"
135-->[:firebase_messaging] AndroidManifest.xml:45:13-88
136            android:exported="false"
136-->[:firebase_messaging] AndroidManifest.xml:46:13-37
137            android:initOrder="99" />
137-->[:firebase_messaging] AndroidManifest.xml:47:13-35
138
139        <activity
139-->[:flutter_inappwebview] AndroidManifest.xml:16:9-20:47
140            android:name="com.pichillilorenzo.flutter_inappwebview.in_app_browser.InAppBrowserActivity"
140-->[:flutter_inappwebview] AndroidManifest.xml:17:13-104
141            android:configChanges="orientation|keyboardHidden|keyboard|screenSize|locale|layoutDirection|fontScale|screenLayout|density"
141-->[:flutter_inappwebview] AndroidManifest.xml:18:13-137
142            android:exported="false"
142-->[:flutter_inappwebview] AndroidManifest.xml:19:13-37
143            android:theme="@style/AppTheme" />
143-->[:flutter_inappwebview] AndroidManifest.xml:20:13-44
144        <activity
144-->[:flutter_inappwebview] AndroidManifest.xml:21:9-24:55
145            android:name="com.pichillilorenzo.flutter_inappwebview.chrome_custom_tabs.ChromeCustomTabsActivity"
145-->[:flutter_inappwebview] AndroidManifest.xml:22:13-112
146            android:exported="false"
146-->[:flutter_inappwebview] AndroidManifest.xml:23:13-37
147            android:theme="@style/ThemeTransparent" />
147-->[:flutter_inappwebview] AndroidManifest.xml:24:13-52
148        <activity
148-->[:flutter_inappwebview] AndroidManifest.xml:25:9-28:55
149            android:name="com.pichillilorenzo.flutter_inappwebview.chrome_custom_tabs.TrustedWebActivity"
149-->[:flutter_inappwebview] AndroidManifest.xml:26:13-106
150            android:exported="false"
150-->[:flutter_inappwebview] AndroidManifest.xml:27:13-37
151            android:theme="@style/ThemeTransparent" />
151-->[:flutter_inappwebview] AndroidManifest.xml:28:13-52
152        <activity
152-->[:flutter_inappwebview] AndroidManifest.xml:29:9-33:55
153            android:name="com.pichillilorenzo.flutter_inappwebview.chrome_custom_tabs.ChromeCustomTabsActivitySingleInstance"
153-->[:flutter_inappwebview] AndroidManifest.xml:30:13-126
154            android:exported="false"
154-->[:flutter_inappwebview] AndroidManifest.xml:31:13-37
155            android:launchMode="singleInstance"
155-->[:flutter_inappwebview] AndroidManifest.xml:32:13-48
156            android:theme="@style/ThemeTransparent" />
156-->[:flutter_inappwebview] AndroidManifest.xml:33:13-52
157        <activity
157-->[:flutter_inappwebview] AndroidManifest.xml:34:9-38:55
158            android:name="com.pichillilorenzo.flutter_inappwebview.chrome_custom_tabs.TrustedWebActivitySingleInstance"
158-->[:flutter_inappwebview] AndroidManifest.xml:35:13-120
159            android:exported="false"
159-->[:flutter_inappwebview] AndroidManifest.xml:36:13-37
160            android:launchMode="singleInstance"
160-->[:flutter_inappwebview] AndroidManifest.xml:37:13-48
161            android:theme="@style/ThemeTransparent" />
161-->[:flutter_inappwebview] AndroidManifest.xml:38:13-52
162
163        <receiver
163-->[:flutter_inappwebview] AndroidManifest.xml:40:9-43:40
164            android:name="com.pichillilorenzo.flutter_inappwebview.chrome_custom_tabs.ActionBroadcastReceiver"
164-->[:flutter_inappwebview] AndroidManifest.xml:41:13-111
165            android:enabled="true"
165-->[:flutter_inappwebview] AndroidManifest.xml:42:13-35
166            android:exported="false" />
166-->[:flutter_inappwebview] AndroidManifest.xml:43:13-37
167
168        <meta-data
168-->[:flutter_inappwebview] AndroidManifest.xml:45:9-47:36
169            android:name="io.flutter.embedded_views_preview"
169-->[:flutter_inappwebview] AndroidManifest.xml:46:13-61
170            android:value="true" />
170-->[:flutter_inappwebview] AndroidManifest.xml:47:13-33
171
172        <receiver
172-->[:flutter_local_notifications] AndroidManifest.xml:16:9-18:40
173            android:name="com.dexterous.flutterlocalnotifications.ActionBroadcastReceiver"
173-->[:flutter_local_notifications] AndroidManifest.xml:17:13-91
174            android:exported="false" />
174-->[:flutter_local_notifications] AndroidManifest.xml:18:13-37
175        <receiver
175-->[:flutter_local_notifications] AndroidManifest.xml:19:9-21:40
176            android:name="com.dexterous.flutterlocalnotifications.ScheduledNotificationReceiver"
176-->[:flutter_local_notifications] AndroidManifest.xml:20:13-97
177            android:exported="false" />
177-->[:flutter_local_notifications] AndroidManifest.xml:21:13-37
178        <receiver
178-->[:flutter_local_notifications] AndroidManifest.xml:22:9-31:20
179            android:name="com.dexterous.flutterlocalnotifications.ScheduledNotificationBootReceiver"
179-->[:flutter_local_notifications] AndroidManifest.xml:23:13-101
180            android:exported="false" >
180-->[:flutter_local_notifications] AndroidManifest.xml:24:13-37
181            <intent-filter>
181-->[:flutter_local_notifications] AndroidManifest.xml:25:13-30:29
182                <action android:name="android.intent.action.BOOT_COMPLETED" />
182-->[:flutter_local_notifications] AndroidManifest.xml:26:17-79
182-->[:flutter_local_notifications] AndroidManifest.xml:26:25-76
183                <action android:name="android.intent.action.MY_PACKAGE_REPLACED" />
183-->[:flutter_local_notifications] AndroidManifest.xml:27:17-84
183-->[:flutter_local_notifications] AndroidManifest.xml:27:25-81
184                <action android:name="android.intent.action.QUICKBOOT_POWERON" />
184-->[:flutter_local_notifications] AndroidManifest.xml:28:17-82
184-->[:flutter_local_notifications] AndroidManifest.xml:28:25-79
185                <action android:name="com.htc.intent.action.QUICKBOOT_POWERON" />
185-->[:flutter_local_notifications] AndroidManifest.xml:29:17-82
185-->[:flutter_local_notifications] AndroidManifest.xml:29:25-79
186            </intent-filter>
187        </receiver>
188
189        <activity
189-->[:url_launcher_android] AndroidManifest.xml:10:9-13:74
190            android:name="io.flutter.plugins.urllauncher.WebViewActivity"
190-->[:url_launcher_android] AndroidManifest.xml:11:13-74
191            android:exported="false"
191-->[:url_launcher_android] AndroidManifest.xml:12:13-37
192            android:theme="@android:style/Theme.NoTitleBar.Fullscreen" />
192-->[:url_launcher_android] AndroidManifest.xml:13:13-71
193
194        <uses-library
194-->[androidx.window:window:1.0.0-beta04] AndroidManifest.xml:25:9-27:40
195            android:name="androidx.window.extensions"
195-->[androidx.window:window:1.0.0-beta04] AndroidManifest.xml:26:13-54
196            android:required="false" />
196-->[androidx.window:window:1.0.0-beta04] AndroidManifest.xml:27:13-37
197        <uses-library
197-->[androidx.window:window:1.0.0-beta04] AndroidManifest.xml:28:9-30:40
198            android:name="androidx.window.sidecar"
198-->[androidx.window:window:1.0.0-beta04] AndroidManifest.xml:29:13-51
199            android:required="false" />
199-->[androidx.window:window:1.0.0-beta04] AndroidManifest.xml:30:13-37
200
201        <receiver
201-->[com.google.firebase:firebase-messaging:23.1.1] AndroidManifest.xml:31:9-38:20
202            android:name="com.google.firebase.iid.FirebaseInstanceIdReceiver"
202-->[com.google.firebase:firebase-messaging:23.1.1] AndroidManifest.xml:32:13-78
203            android:exported="true"
203-->[com.google.firebase:firebase-messaging:23.1.1] AndroidManifest.xml:33:13-36
204            android:permission="com.google.android.c2dm.permission.SEND" >
204-->[com.google.firebase:firebase-messaging:23.1.1] AndroidManifest.xml:34:13-73
205            <intent-filter>
205-->[:firebase_messaging] AndroidManifest.xml:32:13-34:29
206                <action android:name="com.google.android.c2dm.intent.RECEIVE" />
206-->[:firebase_messaging] AndroidManifest.xml:33:17-81
206-->[:firebase_messaging] AndroidManifest.xml:33:25-78
207            </intent-filter>
208        </receiver>
209        <!--
210             FirebaseMessagingService performs security checks at runtime,
211             but set to not exported to explicitly avoid allowing another app to call it.
212        -->
213        <service
213-->[com.google.firebase:firebase-messaging:23.1.1] AndroidManifest.xml:44:9-51:19
214            android:name="com.google.firebase.messaging.FirebaseMessagingService"
214-->[com.google.firebase:firebase-messaging:23.1.1] AndroidManifest.xml:45:13-82
215            android:directBootAware="true"
215-->[com.google.firebase:firebase-messaging:23.1.1] AndroidManifest.xml:46:13-43
216            android:exported="false" >
216-->[com.google.firebase:firebase-messaging:23.1.1] AndroidManifest.xml:47:13-37
217            <intent-filter android:priority="-500" >
217-->[:firebase_messaging] AndroidManifest.xml:23:13-25:29
218                <action android:name="com.google.firebase.MESSAGING_EVENT" />
218-->[:firebase_messaging] AndroidManifest.xml:24:17-78
218-->[:firebase_messaging] AndroidManifest.xml:24:25-75
219            </intent-filter>
220        </service>
221
222        <provider
222-->[com.google.firebase:firebase-common:20.3.0] AndroidManifest.xml:25:9-30:39
223            android:name="com.google.firebase.provider.FirebaseInitProvider"
223-->[com.google.firebase:firebase-common:20.3.0] AndroidManifest.xml:26:13-77
224            android:authorities="com.apptoaster.demo.firebaseinitprovider"
224-->[com.google.firebase:firebase-common:20.3.0] AndroidManifest.xml:27:13-72
225            android:directBootAware="true"
225-->[com.google.firebase:firebase-common:20.3.0] AndroidManifest.xml:28:13-43
226            android:exported="false"
226-->[com.google.firebase:firebase-common:20.3.0] AndroidManifest.xml:29:13-37
227            android:initOrder="100" />
227-->[com.google.firebase:firebase-common:20.3.0] AndroidManifest.xml:30:13-36
228
229        <activity
229-->[com.google.android.gms:play-services-base:18.0.1] AndroidManifest.xml:20:9-22:45
230            android:name="com.google.android.gms.common.api.GoogleApiActivity"
230-->[com.google.android.gms:play-services-base:18.0.1] AndroidManifest.xml:20:19-85
231            android:exported="false"
231-->[com.google.android.gms:play-services-base:18.0.1] AndroidManifest.xml:22:19-43
232            android:theme="@android:style/Theme.Translucent.NoTitleBar" />
232-->[com.google.android.gms:play-services-base:18.0.1] AndroidManifest.xml:21:19-78
233
234        <meta-data
234-->[com.google.android.gms:play-services-basement:18.1.0] AndroidManifest.xml:21:9-23:69
235            android:name="com.google.android.gms.version"
235-->[com.google.android.gms:play-services-basement:18.1.0] AndroidManifest.xml:22:13-58
236            android:value="@integer/google_play_services_version" />
236-->[com.google.android.gms:play-services-basement:18.1.0] AndroidManifest.xml:23:13-66
237
238        <provider
238-->[androidx.emoji2:emoji2:1.2.0] AndroidManifest.xml:24:9-32:20
239            android:name="androidx.startup.InitializationProvider"
239-->[androidx.emoji2:emoji2:1.2.0] AndroidManifest.xml:25:13-67
240            android:authorities="com.apptoaster.demo.androidx-startup"
240-->[androidx.emoji2:emoji2:1.2.0] AndroidManifest.xml:26:13-68
241            android:exported="false" >
241-->[androidx.emoji2:emoji2:1.2.0] AndroidManifest.xml:27:13-37
242            <meta-data
242-->[androidx.emoji2:emoji2:1.2.0] AndroidManifest.xml:29:13-31:52
243                android:name="androidx.emoji2.text.EmojiCompatInitializer"
243-->[androidx.emoji2:emoji2:1.2.0] AndroidManifest.xml:30:17-75
244                android:value="androidx.startup" />
244-->[androidx.emoji2:emoji2:1.2.0] AndroidManifest.xml:31:17-49
245            <meta-data
245-->[androidx.lifecycle:lifecycle-process:2.4.1] AndroidManifest.xml:31:13-33:52
246                android:name="androidx.lifecycle.ProcessLifecycleInitializer"
246-->[androidx.lifecycle:lifecycle-process:2.4.1] AndroidManifest.xml:32:17-78
247                android:value="androidx.startup" />
247-->[androidx.lifecycle:lifecycle-process:2.4.1] AndroidManifest.xml:33:17-49
248        </provider>
249
250        <service
250-->[com.google.android.datatransport:transport-backend-cct:3.1.8] AndroidManifest.xml:28:9-34:19
251            android:name="com.google.android.datatransport.runtime.backends.TransportBackendDiscovery"
251-->[com.google.android.datatransport:transport-backend-cct:3.1.8] AndroidManifest.xml:29:13-103
252            android:exported="false" >
252-->[com.google.android.datatransport:transport-backend-cct:3.1.8] AndroidManifest.xml:30:13-37
253            <meta-data
253-->[com.google.android.datatransport:transport-backend-cct:3.1.8] AndroidManifest.xml:31:13-33:39
254                android:name="backend:com.google.android.datatransport.cct.CctBackendFactory"
254-->[com.google.android.datatransport:transport-backend-cct:3.1.8] AndroidManifest.xml:32:17-94
255                android:value="cct" />
255-->[com.google.android.datatransport:transport-backend-cct:3.1.8] AndroidManifest.xml:33:17-36
256        </service>
257        <service
257-->[com.google.android.datatransport:transport-runtime:3.1.8] AndroidManifest.xml:26:9-30:19
258            android:name="com.google.android.datatransport.runtime.scheduling.jobscheduling.JobInfoSchedulerService"
258-->[com.google.android.datatransport:transport-runtime:3.1.8] AndroidManifest.xml:27:13-117
259            android:exported="false"
259-->[com.google.android.datatransport:transport-runtime:3.1.8] AndroidManifest.xml:28:13-37
260            android:permission="android.permission.BIND_JOB_SERVICE" >
260-->[com.google.android.datatransport:transport-runtime:3.1.8] AndroidManifest.xml:29:13-69
261        </service>
262
263        <receiver
263-->[com.google.android.datatransport:transport-runtime:3.1.8] AndroidManifest.xml:32:9-34:40
264            android:name="com.google.android.datatransport.runtime.scheduling.jobscheduling.AlarmManagerSchedulerBroadcastReceiver"
264-->[com.google.android.datatransport:transport-runtime:3.1.8] AndroidManifest.xml:33:13-132
265            android:exported="false" />
265-->[com.google.android.datatransport:transport-runtime:3.1.8] AndroidManifest.xml:34:13-37
266    </application>
267
268</manifest>